0 info it worked if it ends with ok
1 verbose cli [ '/usr/bin/node', '/usr/bin/npm', 'install', '-g', 'gulp' ]
2 info using npm@1.4.28
3 info using node@v0.10.37
4 verbose node symlink /usr/bin/node
5 verbose cache add [ 'gulp', null ]
6 verbose cache add name=undefined spec="gulp" args=["gulp",null]
7 verbose parsed url { protocol: null,
7 verbose parsed url   slashes: null,
7 verbose parsed url   auth: null,
7 verbose parsed url   host: null,
7 verbose parsed url   port: null,
7 verbose parsed url   hostname: null,
7 verbose parsed url   hash: null,
7 verbose parsed url   search: null,
7 verbose parsed url   query: null,
7 verbose parsed url   pathname: 'gulp',
7 verbose parsed url   path: 'gulp',
7 verbose parsed url   href: 'gulp' }
8 silly lockFile 9750c68d-gulp gulp
9 verbose lock gulp /home/sujan/.npm/9750c68d-gulp.lock
10 silly lockFile 9750c68d-gulp gulp
11 silly lockFile 9750c68d-gulp gulp
12 verbose addNamed [ 'gulp', '' ]
13 verbose addNamed [ null, '*' ]
14 silly lockFile 72f4391e-gulp gulp@
15 verbose lock gulp@ /home/sujan/.npm/72f4391e-gulp.lock
16 silly addNameRange { name: 'gulp', range: '*', hasData: false }
17 verbose request where is /gulp
18 verbose request registry https://registry.npmjs.org/
19 verbose request id 0dcd5985fda5368b
20 verbose url raw /gulp
21 verbose url resolving [ 'https://registry.npmjs.org/', './gulp' ]
22 verbose url resolved https://registry.npmjs.org/gulp
23 verbose request where is https://registry.npmjs.org/gulp
24 info trying registry request attempt 1 at 09:53:47
25 http GET https://registry.npmjs.org/gulp
26 http 200 https://registry.npmjs.org/gulp
27 silly registry.get cb [ 200,
27 silly registry.get   { server: 'CouchDB/1.5.0 (Erlang OTP/R16B03)',
27 silly registry.get     etag: '"8B7HLDGQ1HM1JF832RZAXSPN"',
27 silly registry.get     'content-type': 'application/json',
27 silly registry.get     'cache-control': 'max-age=60',
27 silly registry.get     'content-length': '104413',
27 silly registry.get     'accept-ranges': 'bytes',
27 silly registry.get     date: 'Fri, 19 Jun 2015 14:53:48 GMT',
27 silly registry.get     via: '1.1 varnish',
27 silly registry.get     age: '39',
27 silly registry.get     connection: 'keep-alive',
27 silly registry.get     'x-served-by': 'cache-ord1734-ORD',
27 silly registry.get     'x-cache': 'HIT',
27 silly registry.get     'x-cache-hits': '1',
27 silly registry.get     'x-timer': 'S1434725628.358693,VS0,VE0',
27 silly registry.get     vary: 'Accept' } ]
28 silly addNameRange number 2 { name: 'gulp', range: '*', hasData: true }
29 silly addNameRange versions [ 'gulp',
29 silly addNameRange   [ '0.0.1',
29 silly addNameRange     '0.0.2',
29 silly addNameRange     '0.0.3',
29 silly addNameRange     '0.0.4',
29 silly addNameRange     '0.0.5',
29 silly addNameRange     '0.0.7',
29 silly addNameRange     '0.0.8',
29 silly addNameRange     '0.0.9',
29 silly addNameRange     '0.1.0',
29 silly addNameRange     '0.2.0',
29 silly addNameRange     '1.0.0',
29 silly addNameRange     '1.1.0',
29 silly addNameRange     '1.2.0',
29 silly addNameRange     '1.2.1',
29 silly addNameRange     '2.0.0',
29 silly addNameRange     '2.0.1',
29 silly addNameRange     '2.1.0',
29 silly addNameRange     '2.2.0',
29 silly addNameRange     '2.3.0',
29 silly addNameRange     '2.4.0',
29 silly addNameRange     '2.4.1',
29 silly addNameRange     '2.6.0',
29 silly addNameRange     '2.6.1',
29 silly addNameRange     '2.7.0',
29 silly addNameRange     '3.0.0',
29 silly addNameRange     '3.1.1',
29 silly addNameRange     '3.1.2',
29 silly addNameRange     '3.1.3',
29 silly addNameRange     '3.1.4',
29 silly addNameRange     '3.2.0',
29 silly addNameRange     '3.2.1',
29 silly addNameRange     '3.2.2',
29 silly addNameRange     '3.2.3',
29 silly addNameRange     '3.2.4',
29 silly addNameRange     '3.2.5',
29 silly addNameRange     '3.3.0',
29 silly addNameRange     '3.3.1',
29 silly addNameRange     '3.3.2',
29 silly addNameRange     '3.3.4',
29 silly addNameRange     '3.4.0',
29 silly addNameRange     '3.5.0',
29 silly addNameRange     '3.5.1',
29 silly addNameRange     '3.5.2',
29 silly addNameRange     '3.5.5',
29 silly addNameRange     '3.5.6',
29 silly addNameRange     '3.6.0',
29 silly addNameRange     '3.6.1',
29 silly addNameRange     '3.6.2',
29 silly addNameRange     '3.7.0',
29 silly addNameRange     '3.8.0',
29 silly addNameRange     '3.8.1',
29 silly addNameRange     '3.8.2',
29 silly addNameRange     '3.8.3',
29 silly addNameRange     '3.8.4',
29 silly addNameRange     '3.8.5',
29 silly addNameRange     '3.8.6',
29 silly addNameRange     '3.8.7',
29 silly addNameRange     '3.8.8',
29 silly addNameRange     '3.8.9',
29 silly addNameRange     '3.8.10',
29 silly addNameRange     '3.8.11',
29 silly addNameRange     '3.9.0' ] ]
30 verbose addNamed [ 'gulp', '3.9.0' ]
31 verbose addNamed [ '3.9.0', '3.9.0' ]
32 silly lockFile c2697a61-gulp-3-9-0 gulp@3.9.0
33 verbose lock gulp@3.9.0 /home/sujan/.npm/c2697a61-gulp-3-9-0.lock
34 silly lockFile af4766b8-ry-npmjs-org-gulp-gulp-3-9-0-tgz https://registry.npmjs.org/gulp/-/gulp-3.9.0.tgz
35 verbose lock https://registry.npmjs.org/gulp/-/gulp-3.9.0.tgz /home/sujan/.npm/af4766b8-ry-npmjs-org-gulp-gulp-3-9-0-tgz.lock
36 verbose addRemoteTarball [ 'https://registry.npmjs.org/gulp/-/gulp-3.9.0.tgz',
36 verbose addRemoteTarball   'cf1fba4cb558bb8c6ae6c9613f583ae2620d214a' ]
37 info retry fetch attempt 1 at 09:53:48
38 verbose fetch to= /tmp/npm-9678-Uds5xIKk/registry.npmjs.org/gulp/-/gulp-3.9.0.tgz
39 http GET https://registry.npmjs.org/gulp/-/gulp-3.9.0.tgz
40 http 200 https://registry.npmjs.org/gulp/-/gulp-3.9.0.tgz
41 silly lockFile af4766b8-ry-npmjs-org-gulp-gulp-3-9-0-tgz https://registry.npmjs.org/gulp/-/gulp-3.9.0.tgz
42 silly lockFile af4766b8-ry-npmjs-org-gulp-gulp-3-9-0-tgz https://registry.npmjs.org/gulp/-/gulp-3.9.0.tgz
43 silly lockFile c2697a61-gulp-3-9-0 gulp@3.9.0
44 silly lockFile c2697a61-gulp-3-9-0 gulp@3.9.0
45 silly lockFile 72f4391e-gulp gulp@
46 silly lockFile 72f4391e-gulp gulp@
47 error Error: EACCES, mkdir '/home/sujan/.npm/gulp/3.9.0'
47 error  { [Error: EACCES, mkdir '/home/sujan/.npm/gulp/3.9.0'] errno: 3, code: 'EACCES', path: '/home/sujan/.npm/gulp/3.9.0' }
48 error Please try running this command again as root/Administrator.
49 error System Linux 3.19.0-21-generic
50 error command "/usr/bin/node" "/usr/bin/npm" "install" "-g" "gulp"
51 error cwd /home/sujan/ionic-projects/UTA-Now
52 error node -v v0.10.37
53 error npm -v 1.4.28
54 error path /home/sujan/.npm/gulp/3.9.0
55 error code EACCES
56 error errno 3
57 error stack Error: EACCES, mkdir '/home/sujan/.npm/gulp/3.9.0'
58 verbose exit [ 3, true ]
